This file contains any messages produced by compilers while
running configure, to aid debugging if configure makes a mistake.

It was created by fast-dm configure 29, which was
generated by GNU Autoconf 2.61.  Invocation command line was

  $ ./configure 

## --------- ##
## Platform. ##
## --------- ##

hostname = Lateralus
uname -m = i686
uname -r = 2.6.31-14-generic
uname -s = Linux
uname -v = #48-Ubuntu SMP Fri Oct 16 14:04:26 UTC 2009

/usr/bin/uname -p = unknown
/bin/uname -X     = unknown

/bin/arch              = unknown
/usr/bin/arch -k       = unknown
/usr/convex/getsysinfo = unknown
/usr/bin/hostinfo      = unknown
/bin/machine           = unknown
/usr/bin/oslevel       = unknown
/bin/universe          = unknown

PATH: ./
PATH: /home/whyking/bin/
PATH: /home/whyking/local/bin/
PATH: /sw/bin/
PATH: /local_data/Apps/bin/
PATH: /Library/Frameworks/Python.framework/Versions/2.4/bin/
PATH: /local_data/bin/
PATH: /Applications/Matlab/bin
PATH: /usr/X11R6/bin/
PATH: /usr/local/bin/
PATH: /usr/local/matlab74/bin/
PATH: /opt/intel/cce/10.1.008/bin/
PATH: ./
PATH: /home/whyking/bin/
PATH: /home/whyking/local/bin/
PATH: /sw/bin/
PATH: /local_data/Apps/bin/
PATH: /Library/Frameworks/Python.framework/Versions/2.4/bin/
PATH: /local_data/bin/
PATH: /Applications/Matlab/bin
PATH: /usr/X11R6/bin/
PATH: /usr/local/bin/
PATH: /usr/local/matlab74/bin/
PATH: /opt/intel/cce/10.1.008/bin/
PATH: /usr/local/sbin
PATH: /usr/local/bin
PATH: /usr/sbin
PATH: /usr/bin
PATH: /sbin
PATH: /bin
PATH: /usr/games


## ----------- ##
## Core tests. ##
## ----------- ##

configure:1733: checking for a BSD-compatible install
configure:1789: result: /usr/bin/install -c
configure:1800: checking whether build environment is sane
configure:1843: result: yes
configure:1871: checking for a thread-safe mkdir -p
configure:1910: result: /bin/mkdir -p
configure:1923: checking for gawk
configure:1939: found /usr/bin/gawk
configure:1950: result: gawk
configure:1961: checking whether make sets $(MAKE)
configure:1982: result: yes
configure:2219: checking for gcc
configure:2235: found /usr/bin/gcc
configure:2246: result: gcc
configure:2484: checking for C compiler version
configure:2491: gcc --version >&5
gcc (Ubuntu 4.4.1-4ubuntu8) 4.4.1
Copyright (C) 2009 Free Software Foundation, Inc.
This is free software; see the source for copying conditions.  There is NO
warranty; not even for MERCHANTABILITY or FITNESS FOR A PARTICULAR PURPOSE.

configure:2494: $? = 0
configure:2501: gcc -v >&5
Using built-in specs.
Target: i486-linux-gnu
Configured with: ../src/configure -v --with-pkgversion='Ubuntu 4.4.1-4ubuntu8' --with-bugurl=file:///usr/share/doc/gcc-4.4/README.Bugs --enable-languages=c,c++,fortran,objc,obj-c++ --prefix=/usr --enable-shared --enable-multiarch --enable-linker-build-id --with-system-zlib --libexecdir=/usr/lib --without-included-gettext --enable-threads=posix --with-gxx-include-dir=/usr/include/c++/4.4 --program-suffix=-4.4 --enable-nls --enable-clocale=gnu --enable-libstdcxx-debug --enable-objc-gc --enable-targets=all --disable-werror --with-arch-32=i486 --with-tune=generic --enable-checking=release --build=i486-linux-gnu --host=i486-linux-gnu --target=i486-linux-gnu
Thread model: posix
gcc version 4.4.1 (Ubuntu 4.4.1-4ubuntu8) 
configure:2504: $? = 0
configure:2511: gcc -V >&5
gcc: '-V' option must have argument
configure:2514: $? = 1
configure:2537: checking for C compiler default output file name
configure:2564: gcc    conftest.c  >&5
configure:2567: $? = 0
configure:2605: result: a.out
configure:2622: checking whether the C compiler works
configure:2632: ./a.out
configure:2635: $? = 0
configure:2652: result: yes
configure:2659: checking whether we are cross compiling
configure:2661: result: no
configure:2664: checking for suffix of executables
configure:2671: gcc -o conftest    conftest.c  >&5
configure:2674: $? = 0
configure:2698: result: 
configure:2704: checking for suffix of object files
configure:2730: gcc -c   conftest.c >&5
configure:2733: $? = 0
configure:2756: result: o
configure:2760: checking whether we are using the GNU C compiler
configure:2789: gcc -c   conftest.c >&5
configure:2795: $? = 0
configure:2812: result: yes
configure:2817: checking whether gcc accepts -g
configure:2847: gcc -c -g  conftest.c >&5
configure:2853: $? = 0
configure:2952: result: yes
configure:2969: checking for gcc option to accept ISO C89
configure:3043: gcc  -c -g -O2  conftest.c >&5
configure:3049: $? = 0
configure:3072: result: none needed
configure:3101: checking for style of include used by make
configure:3129: result: GNU
configure:3154: checking dependency style of gcc
configure:3245: result: gcc3
configure:3262: checking for exp in -lm
configure:3297: gcc -o conftest -g -O2   conftest.c -lm   >&5
conftest.c:17: warning: conflicting types for built-in function 'exp'
configure:3303: $? = 0
configure:3321: result: yes
configure:3333: checking for daxpy_ in -lblas
configure:3368: gcc -o conftest -g -O2   conftest.c -lblas  -lm  >&5
configure:3374: $? = 0
configure:3392: result: yes
configure:3550: creating ./config.status

## ---------------------- ##
## Running config.status. ##
## ---------------------- ##

This file was extended by fast-dm config.status 29, which was
generated by GNU Autoconf 2.61.  Invocation command line was

  CONFIG_FILES    = 
  CONFIG_HEADERS  = 
  CONFIG_LINKS    = 
  CONFIG_COMMANDS = 
  $ ./config.status 

on Lateralus

config.status:615: creating Makefile
config.status:806: executing depfiles commands

## ---------------- ##
## Cache variables. ##
## ---------------- ##

ac_cv_c_compiler_gnu=yes
ac_cv_env_CC_set=
ac_cv_env_CC_value=
ac_cv_env_CFLAGS_set=
ac_cv_env_CFLAGS_value=
ac_cv_env_CPPFLAGS_set=
ac_cv_env_CPPFLAGS_value=
ac_cv_env_LDFLAGS_set=
ac_cv_env_LDFLAGS_value=
ac_cv_env_LIBS_set=
ac_cv_env_LIBS_value=
ac_cv_env_build_alias_set=
ac_cv_env_build_alias_value=
ac_cv_env_host_alias_set=
ac_cv_env_host_alias_value=
ac_cv_env_target_alias_set=
ac_cv_env_target_alias_value=
ac_cv_lib_blas_daxpy_=yes
ac_cv_lib_m_exp=yes
ac_cv_objext=o
ac_cv_path_install='/usr/bin/install -c'
ac_cv_path_mkdir=/bin/mkdir
ac_cv_prog_AWK=gawk
ac_cv_prog_ac_ct_CC=gcc
ac_cv_prog_cc_c89=
ac_cv_prog_cc_g=yes
ac_cv_prog_make_make_set=yes
am_cv_CC_dependencies_compiler_type=gcc3

## ----------------- ##
## Output variables. ##
## ----------------- ##

ACLOCAL='${SHELL} /home/whyking/tools/fast-dm-29/missing --run aclocal-1.10'
AMDEPBACKSLASH='\'
AMDEP_FALSE='#'
AMDEP_TRUE=''
AMTAR='${SHELL} /home/whyking/tools/fast-dm-29/missing --run tar'
AUTOCONF='${SHELL} /home/whyking/tools/fast-dm-29/missing --run autoconf'
AUTOHEADER='${SHELL} /home/whyking/tools/fast-dm-29/missing --run autoheader'
AUTOMAKE='${SHELL} /home/whyking/tools/fast-dm-29/missing --run automake-1.10'
AWK='gawk'
CC='gcc'
CCDEPMODE='depmode=gcc3'
CFLAGS='-g -O2'
CPPFLAGS=''
CYGPATH_W='echo'
DEFS='-DPACKAGE_NAME=\"fast-dm\" -DPACKAGE_TARNAME=\"fast-dm\" -DPACKAGE_VERSION=\"29\" -DPACKAGE_STRING=\"fast-dm\ 29\" -DPACKAGE_BUGREPORT=\"voss@seehuhn.de\" -DPACKAGE=\"fast-dm\" -DVERSION=\"29\" -DHAVE_LIBM=1 -DHAVE_LIBBLAS=1'
DEPDIR='.deps'
ECHO_C=''
ECHO_N='-n'
ECHO_T=''
EXEEXT=''
INSTALL_DATA='${INSTALL} -m 644'
INSTALL_PROGRAM='${INSTALL}'
INSTALL_SCRIPT='${INSTALL}'
INSTALL_STRIP_PROGRAM='$(install_sh) -c -s'
LDFLAGS=''
LIBOBJS=''
LIBS='-lblas -lm '
LTLIBOBJS=''
MAKEINFO='${SHELL} /home/whyking/tools/fast-dm-29/missing --run makeinfo'
OBJEXT='o'
PACKAGE='fast-dm'
PACKAGE_BUGREPORT='voss@seehuhn.de'
PACKAGE_NAME='fast-dm'
PACKAGE_STRING='fast-dm 29'
PACKAGE_TARNAME='fast-dm'
PACKAGE_VERSION='29'
PATH_SEPARATOR=':'
SET_MAKE=''
SHELL='/bin/bash'
STRIP=''
VERSION='29'
ac_ct_CC='gcc'
am__fastdepCC_FALSE='#'
am__fastdepCC_TRUE=''
am__include='include'
am__isrc=''
am__leading_dot='.'
am__quote=''
am__tar='${AMTAR} chof - "$$tardir"'
am__untar='${AMTAR} xf -'
bindir='${exec_prefix}/bin'
build_alias=''
datadir='${datarootdir}'
datarootdir='${prefix}/share'
docdir='${datarootdir}/doc/${PACKAGE_TARNAME}'
dvidir='${docdir}'
exec_prefix='${prefix}'
host_alias=''
htmldir='${docdir}'
includedir='${prefix}/include'
infodir='${datarootdir}/info'
install_sh='$(SHELL) /home/whyking/tools/fast-dm-29/install-sh'
libdir='${exec_prefix}/lib'
libexecdir='${exec_prefix}/libexec'
localedir='${datarootdir}/locale'
localstatedir='${prefix}/var'
mandir='${datarootdir}/man'
mkdir_p='/bin/mkdir -p'
oldincludedir='/usr/include'
pdfdir='${docdir}'
prefix='/usr/local'
program_transform_name='s,x,x,'
psdir='${docdir}'
sbindir='${exec_prefix}/sbin'
sharedstatedir='${prefix}/com'
sysconfdir='${prefix}/etc'
target_alias=''

## ----------- ##
## confdefs.h. ##
## ----------- ##

#define PACKAGE_NAME "fast-dm"
#define PACKAGE_TARNAME "fast-dm"
#define PACKAGE_VERSION "29"
#define PACKAGE_STRING "fast-dm 29"
#define PACKAGE_BUGREPORT "voss@seehuhn.de"
#define PACKAGE "fast-dm"
#define VERSION "29"
#define HAVE_LIBM 1
#define HAVE_LIBBLAS 1

configure: exit 0
